0 info it worked if it ends with ok
1 verbose cli [ '/usr/local/bin/node', '/usr/local/bin/npm', 'run', 'karma' ]
2 info using npm@2.14.4
3 info using node@v4.1.1
4 verbose run-script [ 'prekarma', 'karma', 'postkarma' ]
5 info prekarma js-karma-kata-seed@
6 info karma js-karma-kata-seed@
7 verbose unsafe-perm in lifecycle true
8 info js-karma-kata-seed@ Failed to exec karma script
9 verbose stack Error: js-karma-kata-seed@ karma: `./node_modules/karma/bin/karma start`
9 verbose stack Exit status 1
9 verbose stack     at EventEmitter.<anonymous> (/usr/local/lib/node_modules/npm/lib/utils/lifecycle.js:214:16)
9 verbose stack     at emitTwo (events.js:87:13)
9 verbose stack     at EventEmitter.emit (events.js:172:7)
9 verbose stack     at ChildProcess.<anonymous> (/usr/local/lib/node_modules/npm/lib/utils/spawn.js:24:14)
9 verbose stack     at emitTwo (events.js:87:13)
9 verbose stack     at ChildProcess.emit (events.js:172:7)
9 verbose stack     at maybeClose (internal/child_process.js:817:16)
9 verbose stack     at Process.ChildProcess._handle.onexit (internal/child_process.js:211:5)
10 verbose pkgid js-karma-kata-seed@
11 verbose cwd /Users/Jonathan.Belcher/Documents/sites/js-karma-seed
12 error Darwin 15.0.0
13 error argv "/usr/local/bin/node" "/usr/local/bin/npm" "run" "karma"
14 error node v4.1.1
15 error npm  v2.14.4
16 error code ELIFECYCLE
17 error js-karma-kata-seed@ karma: `./node_modules/karma/bin/karma start`
17 error Exit status 1
18 error Failed at the js-karma-kata-seed@ karma script './node_modules/karma/bin/karma start'.
18 error This is most likely a problem with the js-karma-kata-seed package,
18 error not with npm itself.
18 error Tell the author that this fails on your system:
18 error     ./node_modules/karma/bin/karma start
18 error You can get their info via:
18 error     npm owner ls js-karma-kata-seed
18 error There is likely additional logging output above.
19 verbose exit [ 1, true ]
